
**** Build of configuration Debug for project InterruptB ****

/home/cheeto/programs/ti/ccsv6/utils/bin/gmake -k all 
Building file: ../main.c
Invoking: MSP432 Compiler
"/home/cheeto/programs/ti/ccsv6/tools/compiler/ti-cgt-arm_5.2.7/bin/armcl" -mv7M4 --code_state=16 --float_support=FPv4SPD16 --abi=eabi -me --include_path="/home/cheeto/programs/ti/ccsv6/ccs_base/arm/include" --include_path="/home/cheeto/programs/ti/ccsv6/ccs_base/arm/include/CMSIS" --include_path="/home/cheeto/programs/ti/workspaces/BOOSTXL-EDUMKII_Temperature_MSP432P401R" --include_path="/home/cheeto/programs/ti/workspaces/BOOSTXL-EDUMKII_Temperature_MSP432P401R/driverlib/MSP432P4xx" --include_path="/home/cheeto/programs/ti/workspaces/BOOSTXL-EDUMKII_Temperature_MSP432P401R/GrLib/grlib" --include_path="/home/cheeto/programs/ti/workspaces/BOOSTXL-EDUMKII_Temperature_MSP432P401R/GrLib/fonts" --include_path="/home/cheeto/programs/ti/workspaces/BOOSTXL-EDUMKII_Temperature_MSP432P401R/LcdDriver" --include_path="/home/cheeto/programs/ti/ccsv6/tools/compiler/ti-cgt-arm_5.2.7/include" --advice:power=all -g --gcc --define=__MSP432P401R__ --define=TARGET_IS_MSP432P4XX --define=ccs --diag_wrap=off --display_error_number --diag_warning=225 --preproc_with_compile --preproc_dependency="main.pp"  "../main.c"
"../main.c", line 112: remark #1527-D: (ULP 2.1) Detected SW delay loop using empty loop. Recommend using a timer module instead
"../main.c", line 113: remark #1532-D: (ULP 5.3) Detected sprintf() operation(s). Recommend moving them to RAM during run time or not using as these are processing/power intensive
"../main.c", line 133: remark #1527-D: (ULP 2.1) Detected SW delay loop using empty loop. Recommend using a timer module instead
"../main.c", line 147: remark #1527-D: (ULP 2.1) Detected SW delay loop using empty loop. Recommend using a timer module instead
Finished building: ../main.c
 
Building target: InterruptB.out
Invoking: MSP432 Linker
"/home/cheeto/programs/ti/ccsv6/tools/compiler/ti-cgt-arm_5.2.7/bin/armcl" -mv7M4 --code_state=16 --float_support=FPv4SPD16 --abi=eabi -me --advice:power=all -g --gcc --define=__MSP432P401R__ --define=TARGET_IS_MSP432P4XX --define=ccs --diag_wrap=off --display_error_number --diag_warning=225 -z -m"InterruptB.map" --heap_size=1024 --stack_size=512 -i"/home/cheeto/programs/ti/ccsv6/ccs_base/arm/include" -i"/home/cheeto/programs/ti/ccsv6/tools/compiler/ti-cgt-arm_5.2.7/lib" -i"/home/cheeto/programs/ti/ccsv6/tools/compiler/ti-cgt-arm_5.2.7/include" --reread_libs --diag_wrap=off --warn_sections --display_error_number --xml_link_info="InterruptB_linkInfo.xml" --rom_model -o "InterruptB.out" "./HAL_I2C.obj" "./HAL_TMP006.obj" "./main.obj" "./startup_msp432p401r_ccs.obj" "./system_msp432p401r.obj" "./driverlib/MSP432P4xx/adc14.obj" "./driverlib/MSP432P4xx/aes256.obj" "./driverlib/MSP432P4xx/comp_e.obj" "./driverlib/MSP432P4xx/cpu.obj" "./driverlib/MSP432P4xx/crc32.obj" "./driverlib/MSP432P4xx/cs.obj" "./driverlib/MSP432P4xx/dma.obj" "./driverlib/MSP432P4xx/flash.obj" "./driverlib/MSP432P4xx/fpu.obj" "./driverlib/MSP432P4xx/gpio.obj" "./driverlib/MSP432P4xx/i2c.obj" "./driverlib/MSP432P4xx/interrupt.obj" "./driverlib/MSP432P4xx/mpu.obj" "./driverlib/MSP432P4xx/pcm.obj" "./driverlib/MSP432P4xx/pmap.obj" "./driverlib/MSP432P4xx/pss.obj" "./driverlib/MSP432P4xx/ref_a.obj" "./driverlib/MSP432P4xx/reset.obj" "./driverlib/MSP432P4xx/rtc_c.obj" "./driverlib/MSP432P4xx/spi.obj" "./driverlib/MSP432P4xx/sysctl.obj" "./driverlib/MSP432P4xx/systick.obj" "./driverlib/MSP432P4xx/timer32.obj" "./driverlib/MSP432P4xx/timer_a.obj" "./driverlib/MSP432P4xx/uart.obj" "./driverlib/MSP432P4xx/wdt_a.obj" "./LcdDriver/Crystalfontz128x128_ST7735.obj" "./LcdDriver/HAL_MSP_EXP432P401R_Crystalfontz128x128_ST7735.obj" "./GrLib/grlib/button.obj" "./GrLib/grlib/checkbox.obj" "./GrLib/grlib/circle.obj" "./GrLib/grlib/context.obj" "./GrLib/grlib/display.obj" "./GrLib/grlib/image.obj" "./GrLib/grlib/imageButton.obj" "./GrLib/grlib/line.obj" "./GrLib/grlib/radioButton.obj" "./GrLib/grlib/rectangle.obj" "./GrLib/grlib/string.obj" "./GrLib/fonts/fontfixed6x8.obj" "../msp432p401r.cmd"  -l"libc.a" 
<Linking>
remark #10371-D: (ULP 1.1) Detected no uses of low power mode state changing instructions
remark #10372-D: (ULP 4.1) Detected uninitialized Port 1 in this project. Recommend initializing all unused ports to eliminate wasted current consumption on unused pins.
remark #10372-D: (ULP 4.1) Detected uninitialized Port 2 in this project. Recommend initializing all unused ports to eliminate wasted current consumption on unused pins.
remark #10372-D: (ULP 4.1) Detected uninitialized Port 3 in this project. Recommend initializing all unused ports to eliminate wasted current consumption on unused pins.
remark #10372-D: (ULP 4.1) Detected uninitialized Port 4 in this project. Recommend initializing all unused ports to eliminate wasted current consumption on unused pins.
remark #10372-D: (ULP 4.1) Detected uninitialized Port 5 in this project. Recommend initializing all unused ports to eliminate wasted current consumption on unused pins.
remark #10372-D: (ULP 4.1) Detected uninitialized Port 6 in this project. Recommend initializing all unused ports to eliminate wasted current consumption on unused pins.
remark #10372-D: (ULP 4.1) Detected uninitialized Port 7 in this project. Recommend initializing all unused ports to eliminate wasted current consumption on unused pins.
remark #10372-D: (ULP 4.1) Detected uninitialized Port 8 in this project. Recommend initializing all unused ports to eliminate wasted current consumption on unused pins.
remark #10372-D: (ULP 4.1) Detected uninitialized Port 9 in this project. Recommend initializing all unused ports to eliminate wasted current consumption on unused pins.
remark #10372-D: (ULP 4.1) Detected uninitialized Port 10 in this project. Recommend initializing all unused ports to eliminate wasted current consumption on unused pins.
Finished building target: InterruptB.out
 
Invoking: MSP432 Hex Utility
"/home/cheeto/programs/ti/ccsv6/tools/compiler/ti-cgt-arm_5.2.7/bin/armhex" --memwidth=8 --romwidth=8 -o "InterruptB.hex"  "InterruptB.out" 
Translating to Extended Tektronix format...
   "InterruptB.out" .intvecs ==> .intvecs
   "InterruptB.out" .text ==> .text
   "InterruptB.out" .const ==> .const
   "InterruptB.out" .cinit ==> .cinit
Finished building: InterruptB.hex
 

**** Build Finished ****
