
**** Build of configuration Debug for project Interrupt_ClassicStyle ****

/home/cheeto/programs/ti/ccsv6/utils/bin/gmake -k all 
Building file: ../msp432_startup_ccs.c
Invoking: MSP432 Compiler
"/home/cheeto/programs/ti/ccsv6/tools/compiler/ti-cgt-arm_5.2.6/bin/armcl" -mv7M4 --code_state=16 --float_support=FPv4SPD16 --abi=eabi -me --include_path="/home/cheeto/programs/ti/ccsv6/ccs_base/arm/include" --include_path="/home/cheeto/programs/ti/ccsv6/ccs_base/arm/include/CMSIS" --include_path="/home/cheeto/programs/ti/ccsv6/tools/compiler/ti-cgt-arm_5.2.6/include" --advice:power=all -g --gcc --define=__MSP432P401R__ --define=TARGET_IS_MSP432P4XX --define=ccs --display_error_number --diag_warning=225 --diag_wrap=off --preproc_with_compile --preproc_dependency="msp432_startup_ccs.pp"  "../msp432_startup_ccs.c"
Finished building: ../msp432_startup_ccs.c
 
Building target: Interrupt_ClassicStyle.out
Invoking: MSP432 Linker
"/home/cheeto/programs/ti/ccsv6/tools/compiler/ti-cgt-arm_5.2.6/bin/armcl" -mv7M4 --code_state=16 --float_support=FPv4SPD16 --abi=eabi -me --advice:power=all -g --gcc --define=__MSP432P401R__ --define=TARGET_IS_MSP432P4XX --define=ccs --display_error_number --diag_warning=225 --diag_wrap=off -z -m"Interrupt_ClassicStyle.map" --heap_size=1024 --stack_size=512 -i"/home/cheeto/programs/ti/ccsv6/ccs_base/arm/include" -i"/home/cheeto/programs/ti/ccsv6/tools/compiler/ti-cgt-arm_5.2.6/lib" -i"/home/cheeto/programs/ti/ccsv6/tools/compiler/ti-cgt-arm_5.2.6/include" --reread_libs --warn_sections --display_error_number --diag_wrap=off --xml_link_info="Interrupt_ClassicStyle_linkInfo.xml" --rom_model -o "Interrupt_ClassicStyle.out" "./main.obj" "./msp432_startup_ccs.obj" "../msp432p401r.cmd"  -l"libc.a" 
<Linking>
remark #10372-D: (ULP 4.1) Detected uninitialized Port 1 in this project. Recommend initializing all unused ports to eliminate wasted current consumption on unused pins.
remark #10372-D: (ULP 4.1) Detected uninitialized Port 2 in this project. Recommend initializing all unused ports to eliminate wasted current consumption on unused pins.
remark #10372-D: (ULP 4.1) Detected uninitialized Port 3 in this project. Recommend initializing all unused ports to eliminate wasted current consumption on unused pins.
remark #10372-D: (ULP 4.1) Detected uninitialized Port 4 in this project. Recommend initializing all unused ports to eliminate wasted current consumption on unused pins.
remark #10372-D: (ULP 4.1) Detected uninitialized Port 5 in this project. Recommend initializing all unused ports to eliminate wasted current consumption on unused pins.
remark #10372-D: (ULP 4.1) Detected uninitialized Port 6 in this project. Recommend initializing all unused ports to eliminate wasted current consumption on unused pins.
remark #10372-D: (ULP 4.1) Detected uninitialized Port 7 in this project. Recommend initializing all unused ports to eliminate wasted current consumption on unused pins.
remark #10372-D: (ULP 4.1) Detected uninitialized Port 8 in this project. Recommend initializing all unused ports to eliminate wasted current consumption on unused pins.
remark #10372-D: (ULP 4.1) Detected uninitialized Port 9 in this project. Recommend initializing all unused ports to eliminate wasted current consumption on unused pins.
remark #10372-D: (ULP 4.1) Detected uninitialized Port 10 in this project. Recommend initializing all unused ports to eliminate wasted current consumption on unused pins.
Finished building target: Interrupt_ClassicStyle.out
 

**** Build Finished ****
